ABIRLANUVO
ACC
ADANIENT
ADANIPORTS
ADANIPOWER
AJANTPHARM
ALBK
AMARAJABAT
AMBUJACEM
ANDHRABANK
APOLLOHOSP
APOLLOTYRE
ARVIND
ASHOKLEY
ASIANPAINT
AUROPHARMA
AXISBANK
BAJFINANCE
BANKBARODA
BANKINDIA
BANKNIFTY
BATAINDIA
BEL
BEML
BHARATFIN
BHARATFORG
BHARTIARTL
BHEL
BIOCON
BOSCHLTD
BPCL
BRITANNIA
CADILAHC
CAIRN
CANBK
CASTROLIND
CEATLTD
CENTURYTEX
CESC
CGPOWER
CIPLA
COALINDIA
COLPAL
CONCOR
CUMMINSIND
DABUR
DCBBANK
DHFL
DISHTV
DIVISLAB
DLF
DRREDDY
EICHERMOT
ENGINERSIN
EXIDEIND
FEDERALBNK
GAIL
GLENMARK
GMRINFRA
GODREJCP
GODREJIND
GRANULES
GRASIM
HAVELLS
HCLTECH
HDFC
HDFCBANK
HDIL
HEROMOTOCO
HEXAWARE
HINDALCO
HINDPETRO
HINDUNILVR
HINDZINC
IBREALEST
IBULHSGFIN
ICICIBANK
ICIL
IDBI
IDEA
IDFC
IDFCBANK
IFCI
IGL
INDIACEM
INDUSINDBK
INFRATEL
INFY
IOC
IRB
ITC
JETAIRWAYS
JINDALSTEL
JISLJALEQS
JPASSOCIAT
JSWENERGY
JSWSTEEL
JUBLFOOD
JUSTDIAL
KOTAKBANK
KPIT
KSCL
KTKBANK
LICHSGFIN
LT
LUPIN
MARICO
MARUTI
MINDTREE
MOTHERSUMI
MRF
NCC
NHPC
NIITTECH
NIFTY
NIFTYJR
NIFTYMIDCAP50
NMDC
NTPC
OFSS
OIL
ONGC
ORIENTBANK
PAGEIND
PCJEWELLER
PETRONET
PFC
PIDILITIND
PNB
POWERGRID
PTC
RCOM
RECLTD
RELCAPITAL
RELIANCE
RELINFRA
RPOWER
SAIL
SBIN
SIEMENS
SINTEX
SOUTHBANK
SRF
SRTRANSFIN
STAR
SUNPHARMA
SUNTV
SYNDIBANK
TATACHEM
TATACOMM
TATAELXSI
TATAGLOBAL
TATAMOTORS
TATAMTRDVR
TATAPOWER
TATASTEEL
TCS
TECHM
TITAN
TORNTPHARM
TORNTPOWER
TV18BRDCST
TVSMOTOR
UBL
ULTRACEMCO
UNIONBANK
UPL
VEDL
VOLTAS
WIPRO
WOCKPHARMA
YESBANK
ZEEL
PENIND
RAYMOND
TAKE
TALWALKARS
INDIGO
CUB
KARURVYSYA
TVTODAY
JAGRAN
EROSMEDIA
DBCORP
INOXLEISUR
PVR
HTMEDIA
DEN
NETWORK18
SITINET
HATHWAY
EMAMILTD
BHUSANSTL
APLAPOLLO
ORISSAMINE
WELCORP
MOIL
NATIONALUM
PEL
GLAXO
